[2025-01-27 10:18:11] [32minfo[39m: {"method":"GET","url":"/api/users/data","status":"401","responseTime":"9.384"}
[2025-01-27 10:28:38] [32minfo[39m: {"method":"GET","url":"/api/users/data","status":"401","responseTime":"9.749"}
[2025-01-27 10:57:36] [32minfo[39m: {"method":"GET","url":"/api/users/update","status":"404","responseTime":"7.551"}
[2025-01-27 10:58:00] [32minfo[39m: {"method":"PUT","url":"/api/users/update","status":"200","responseTime":"27.484"}
[2025-01-27 10:58:58] [32minfo[39m: {"method":"PUT","url":"/api/users/update","status":"400","responseTime":"2.495"}
[2025-01-27 10:59:31] [32minfo[39m: {"method":"PUT","url":"/api/users/update","status":"400","responseTime":"3.742"}
[2025-01-27 10:59:36] [32minfo[39m: {"method":"PUT","url":"/api/users/update","status":"200","responseTime":"3.736"}
[2025-01-27 11:01:03] [32minfo[39m: {"method":"PUT","url":"/api/users/update","status":"400","responseTime":"12.402"}
[2025-01-28 13:33:03] [32minfo[39m: {"method":"POST","url":"/api/users/upload","status":"400","responseTime":"5.907"}
[2025-01-28 13:33:58] [32minfo[39m: {"method":"POST","url":"/api/users/upload","status":"400","responseTime":"6.373"}
[2025-01-28 13:37:04] [32minfo[39m: {"method":"POST","url":"/api/users/upload","status":"400","responseTime":"6.168"}
[2025-01-28 13:37:10] [32minfo[39m: {"method":"POST","url":"/api/users/upload","status":"400","responseTime":"0.478"}
[2025-01-28 13:37:11] [32minfo[39m: {"method":"POST","url":"/api/users/upload","status":"400","responseTime":"0.748"}
[2025-01-28 13:37:19] [32minfo[39m: {"method":"POST","url":"/api/users/upload","status":"400","responseTime":"0.348"}
[2025-01-28 13:37:52] [32minfo[39m: {"method":"POST","url":"/api/users/upload","status":"400","responseTime":"6.631"}
[2025-01-28 13:38:02] [32minfo[39m: {"method":"POST","url":"/api/users/upload","status":"400","responseTime":"6.998"}
[2025-01-28 13:38:20] [32minfo[39m: {"method":"POST","url":"/api/users/upload","status":"400","responseTime":"0.658"}
[2025-01-28 13:38:48] [32minfo[39m: {"method":"POST","url":"/api/users/upload","status":"400","responseTime":"6.450"}
[2025-01-28 13:40:43] [32minfo[39m: {"method":"POST","url":"/api/users/upload","status":"500","responseTime":"11.374"}
[2025-01-28 13:41:37] [32minfo[39m: {"method":"POST","url":"/api/users/upload","status":"500","responseTime":"5.952"}
[2025-01-28 13:42:28] [32minfo[39m: {"method":"POST","url":"/api/users/upload","status":"200","responseTime":"32.811"}
[2025-01-28 13:42:58] [32minfo[39m: {"method":"POST","url":"/api/users/upload","status":"500","responseTime":"3.706"}
[2025-01-28 13:47:00] [32minfo[39m: {"method":"POST","url":"/api/users/upload","status":"400","responseTime":"6.448"}
[2025-01-28 13:48:34] [32minfo[39m: {"method":"POST","url":"/api/users/upload","status":"500","responseTime":"11.357"}
[2025-01-28 13:48:45] [32minfo[39m: {"method":"POST","url":"/api/users/upload","status":"500","responseTime":"11.413"}
[2025-01-28 13:49:48] [32minfo[39m: {"method":"POST","url":"/api/users/upload","status":"200","responseTime":"28.922"}
[2025-01-28 14:05:45] [32minfo[39m: {"method":"GET","url":"/api/users/login","status":"400","responseTime":"5.203"}
[2025-01-28 14:05:45] [32minfo[39m: {"method":"POST","url":"/api/data","status":"404","responseTime":"1.301"}
[2025-01-28 14:05:45] [32minfo[39m: {"method":"POST","url":"/api/data","status":"404","responseTime":"0.580"}
[2025-01-28 14:06:16] [32minfo[39m: {"method":"GET","url":"/api/users/login","status":"400","responseTime":"5.130"}
[2025-01-28 14:09:06] [32minfo[39m: {"method":"POST","url":"/api/users/login","status":"404","responseTime":"5.597"}
[2025-01-28 14:11:26] [32minfo[39m: {"method":"POST","url":"/api/users/login","status":"200","responseTime":"85.405"}
[2025-01-28 14:14:02] [32minfo[39m: {"method":"POST","url":"/api/users/login","status":"200","responseTime":"89.110"}
[2025-01-28 14:15:17] [32minfo[39m: {"method":"POST","url":"/api/users/login","status":"200","responseTime":"89.187"}
[2025-01-28 14:34:09] [32minfo[39m: {"method":"POST","url":"/api/users/login","status":"200","responseTime":"85.344"}
[2025-01-28 14:34:09] [32minfo[39m: {"method":"POST","url":"/api/users/login","status":"401","responseTime":"61.779"}
[2025-01-28 14:35:15] [32minfo[39m: {"method":"POST","url":"/api/users/login","status":"200","responseTime":"87.635"}
[2025-01-28 14:35:15] [32minfo[39m: {"method":"POST","url":"/api/users/login","status":"401","responseTime":"61.165"}
[2025-01-28 14:35:54] [32minfo[39m: {"method":"POST","url":"/api/users/login","status":"200","responseTime":"88.606"}
[2025-01-28 14:35:54] [32minfo[39m: {"method":"POST","url":"/api/users/login","status":"401","responseTime":"64.084"}
[2025-01-28 14:36:22] [32minfo[39m: {"method":"POST","url":"/api/users/login","status":"200","responseTime":"91.683"}
[2025-01-28 14:36:22] [32minfo[39m: {"method":"POST","url":"/api/users/login","status":"401","responseTime":"71.622"}
[2025-01-28 14:38:26] [32minfo[39m: {"method":"POST","url":"/api/users/login","status":"200","responseTime":"88.700"}
[2025-01-28 14:38:26] [32minfo[39m: {"method":"POST","url":"/api/users/login","status":"401","responseTime":"60.598"}
[2025-01-28 14:48:40] [32minfo[39m: {"method":"POST","url":"/api/users/login","status":"200","responseTime":"86.940"}
[2025-01-28 14:48:40] [32minfo[39m: {"method":"POST","url":"/api/users/login","status":"401","responseTime":"61.424"}
[2025-01-28 14:48:40] [32minfo[39m: {"method":"POST","url":"/api/users/register","status":"400","responseTime":"0.430"}
[2025-01-28 14:53:04] [32minfo[39m: {"method":"POST","url":"/api/users/login","status":"200","responseTime":"86.663"}
[2025-01-28 14:53:04] [32minfo[39m: {"method":"POST","url":"/api/users/login","status":"401","responseTime":"60.424"}
[2025-01-28 14:53:04] [32minfo[39m: {"method":"POST","url":"/api/users/register","status":"400","responseTime":"0.375"}
[2025-01-28 14:53:28] [32minfo[39m: {"method":"POST","url":"/api/users/login","status":"200","responseTime":"87.470"}
[2025-01-28 14:53:28] [32minfo[39m: {"method":"POST","url":"/api/users/login","status":"401","responseTime":"65.390"}
[2025-01-28 14:53:28] [32minfo[39m: {"method":"POST","url":"/api/users/register","status":"400","responseTime":"0.376"}
[2025-01-28 14:54:48] [32minfo[39m: {"method":"POST","url":"/api/users/login","status":"200","responseTime":"84.292"}
[2025-01-28 14:54:48] [32minfo[39m: {"method":"POST","url":"/api/users/login","status":"401","responseTime":"60.470"}
[2025-01-28 14:54:48] [32minfo[39m: {"method":"POST","url":"/api/users/register","status":"400","responseTime":"0.426"}
[2025-01-28 14:55:34] [32minfo[39m: {"method":"POST","url":"/api/users/login","status":"200","responseTime":"86.995"}
[2025-01-28 14:55:34] [32minfo[39m: {"method":"POST","url":"/api/users/login","status":"401","responseTime":"60.669"}
[2025-01-28 14:55:34] [32minfo[39m: {"method":"PUT","url":"/api/users/register","status":"404","responseTime":"1.105"}
[2025-01-28 14:57:05] [32minfo[39m: {"method":"POST","url":"/api/users/login","status":"200","responseTime":"83.683"}
[2025-01-28 14:57:05] [32minfo[39m: {"method":"POST","url":"/api/users/login","status":"401","responseTime":"60.562"}
[2025-01-28 14:57:05] [32minfo[39m: {"method":"PUT","url":"/api/users/update","status":"200","responseTime":"9.396"}
[2025-01-28 14:58:19] [32minfo[39m: {"method":"POST","url":"/api/users/login","status":"200","responseTime":"85.009"}
[2025-01-28 14:58:19] [32minfo[39m: {"method":"POST","url":"/api/users/login","status":"401","responseTime":"60.405"}
[2025-01-28 14:58:19] [32minfo[39m: {"method":"PUT","url":"/api/users/update","status":"200","responseTime":"6.798"}
[2025-01-28 14:58:39] [32minfo[39m: {"method":"POST","url":"/api/users/login","status":"200","responseTime":"84.333"}
[2025-01-28 14:58:39] [32minfo[39m: {"method":"POST","url":"/api/users/login","status":"401","responseTime":"60.261"}
[2025-01-28 14:58:39] [32minfo[39m: {"method":"PUT","url":"/api/users/update","status":"200","responseTime":"6.120"}
[2025-01-28 14:58:52] [32minfo[39m: {"method":"POST","url":"/api/users/login","status":"200","responseTime":"106.775"}
[2025-01-28 14:58:52] [32minfo[39m: {"method":"POST","url":"/api/users/login","status":"401","responseTime":"67.535"}
[2025-01-28 14:58:52] [32minfo[39m: {"method":"PUT","url":"/api/users/update","status":"400","responseTime":"6.902"}
[2025-01-28 15:00:21] [32minfo[39m: {"method":"POST","url":"/api/users/login","status":"200","responseTime":"83.828"}
[2025-01-28 15:00:21] [32minfo[39m: {"method":"POST","url":"/api/users/login","status":"401","responseTime":"60.307"}
[2025-01-28 15:00:21] [32minfo[39m: {"method":"PUT","url":"/api/users/update","status":"400","responseTime":"5.545"}
[2025-01-28 15:01:27] [32minfo[39m: {"method":"POST","url":"/api/users/login","status":"200","responseTime":"83.569"}
[2025-01-28 15:01:27] [32minfo[39m: {"method":"POST","url":"/api/users/login","status":"401","responseTime":"60.258"}
[2025-01-28 15:01:27] [32minfo[39m: {"method":"PUT","url":"/api/users/update","status":"200","responseTime":"6.443"}
[2025-01-28 15:01:27] [32minfo[39m: {"method":"PUT","url":"/api/users/update","status":"400","responseTime":"2.045"}
[2025-01-28 15:02:44] [32minfo[39m: {"method":"POST","url":"/api/users/login","status":"200","responseTime":"86.982"}
[2025-01-28 15:02:44] [32minfo[39m: {"method":"POST","url":"/api/users/login","status":"401","responseTime":"60.724"}
[2025-01-28 15:02:44] [32minfo[39m: {"method":"PUT","url":"/api/users/update","status":"200","responseTime":"6.186"}
[2025-01-28 15:02:44] [32minfo[39m: {"method":"PUT","url":"/api/users/update","status":"400","responseTime":"2.061"}
[2025-01-28 15:08:51] [32minfo[39m: {"method":"POST","url":"/api/users/login","status":"200","responseTime":"92.209"}
[2025-01-28 15:08:51] [32minfo[39m: {"method":"POST","url":"/api/users/login","status":"401","responseTime":"60.886"}
[2025-01-28 15:08:51] [32minfo[39m: {"method":"PUT","url":"/api/users/update","status":"200","responseTime":"6.807"}
[2025-01-28 15:08:51] [32minfo[39m: {"method":"PUT","url":"/api/users/update","status":"400","responseTime":"2.509"}
[2025-01-28 15:09:44] [32minfo[39m: {"method":"POST","url":"/api/users/login","status":"200","responseTime":"111.235"}
[2025-01-28 15:09:44] [32minfo[39m: {"method":"POST","url":"/api/users/login","status":"401","responseTime":"63.518"}
[2025-01-28 15:09:44] [32minfo[39m: {"method":"PUT","url":"/api/users/update","status":"200","responseTime":"6.870"}
[2025-01-28 15:09:44] [32minfo[39m: {"method":"PUT","url":"/api/users/update","status":"400","responseTime":"2.493"}
[2025-01-28 15:09:44] [32minfo[39m: {"method":"PUT","url":"/api/users/update","status":"200","responseTime":"3.266"}
[2025-01-28 15:09:44] [32minfo[39m: {"method":"PUT","url":"/api/users/update","status":"400","responseTime":"1.048"}
[2025-01-28 15:09:44] [32minfo[39m: {"method":"PUT","url":"/api/users/update","status":"400","responseTime":"0.916"}
[2025-01-28 15:09:44] [32minfo[39m: {"method":"PUT","url":"/api/users/update","status":"200","responseTime":"1.407"}
[2025-01-28 15:09:44] [32minfo[39m: {"method":"PUT","url":"/api/users/update","status":"400","responseTime":"0.940"}
[2025-01-28 15:12:17] [32minfo[39m: {"method":"POST","url":"/api/users/login","status":"200","responseTime":"100.326"}
[2025-01-28 15:12:17] [32minfo[39m: {"method":"POST","url":"/api/users/login","status":"401","responseTime":"65.172"}
[2025-01-28 15:12:17] [32minfo[39m: {"method":"PUT","url":"/api/users/update","status":"200","responseTime":"8.464"}
[2025-01-28 15:12:17] [32minfo[39m: {"method":"PUT","url":"/api/users/update","status":"400","responseTime":"2.313"}
[2025-01-28 15:12:17] [32minfo[39m: {"method":"PUT","url":"/api/users/update","status":"200","responseTime":"2.072"}
[2025-01-28 15:12:17] [32minfo[39m: {"method":"PUT","url":"/api/users/update","status":"400","responseTime":"1.017"}
[2025-01-28 15:12:17] [32minfo[39m: {"method":"PUT","url":"/api/users/update","status":"400","responseTime":"1.138"}
[2025-01-28 15:12:17] [32minfo[39m: {"method":"PUT","url":"/api/users/update","status":"200","responseTime":"1.290"}
[2025-01-28 15:12:17] [32minfo[39m: {"method":"PUT","url":"/api/users/update","status":"400","responseTime":"0.852"}
[2025-01-28 15:19:11] [32minfo[39m: {"method":"POST","url":"/api/users/login","status":"200","responseTime":"93.610"}
[2025-01-28 15:19:11] [32minfo[39m: {"method":"POST","url":"/api/users/login","status":"401","responseTime":"60.480"}
[2025-01-28 15:19:11] [32minfo[39m: {"method":"PUT","url":"/api/users/update","status":"200","responseTime":"8.049"}
[2025-01-28 15:19:11] [32minfo[39m: {"method":"PUT","url":"/api/users/update","status":"400","responseTime":"2.306"}
[2025-01-28 15:19:11] [32minfo[39m: {"method":"PUT","url":"/api/users/update","status":"400","responseTime":"1.004"}
[2025-01-28 15:19:11] [32minfo[39m: {"method":"PUT","url":"/api/users/update","status":"400","responseTime":"0.919"}
[2025-01-28 15:19:11] [32minfo[39m: {"method":"PUT","url":"/api/users/update","status":"400","responseTime":"0.816"}
[2025-01-28 15:19:11] [32minfo[39m: {"method":"PUT","url":"/api/users/update","status":"200","responseTime":"1.252"}
[2025-01-28 15:19:11] [32minfo[39m: {"method":"PUT","url":"/api/users/update","status":"400","responseTime":"0.817"}
[2025-01-28 15:23:02] [32minfo[39m: {"method":"POST","url":"/api/users/login","status":"200","responseTime":"87.443"}
[2025-01-28 15:23:02] [32minfo[39m: {"method":"POST","url":"/api/users/login","status":"401","responseTime":"60.247"}
[2025-01-28 15:23:02] [32minfo[39m: {"method":"PUT","url":"/api/users/update","status":"200","responseTime":"6.337"}
[2025-01-28 15:23:02] [32minfo[39m: {"method":"PUT","url":"/api/users/update","status":"400","responseTime":"1.447"}
[2025-01-28 15:23:02] [32minfo[39m: {"method":"PUT","url":"/api/users/update","status":"400","responseTime":"1.069"}
[2025-01-28 15:23:02] [32minfo[39m: {"method":"PUT","url":"/api/users/update","status":"400","responseTime":"1.056"}
[2025-01-28 15:23:02] [32minfo[39m: {"method":"PUT","url":"/api/users/update","status":"400","responseTime":"0.595"}
[2025-01-28 15:23:02] [32minfo[39m: {"method":"PUT","url":"/api/users/update","status":"400","responseTime":"0.614"}
[2025-01-28 15:23:02] [32minfo[39m: {"method":"PUT","url":"/api/users/update","status":"400","responseTime":"0.831"}
[2025-01-28 15:24:21] [32minfo[39m: {"method":"POST","url":"/api/users/login","status":"200","responseTime":"97.653"}
[2025-01-28 15:24:21] [32minfo[39m: {"method":"POST","url":"/api/users/login","status":"401","responseTime":"63.681"}
[2025-01-28 15:24:21] [32minfo[39m: {"method":"PUT","url":"/api/users/update","status":"200","responseTime":"6.659"}
[2025-01-28 15:24:21] [32minfo[39m: {"method":"PUT","url":"/api/users/update","status":"400","responseTime":"1.437"}
[2025-01-28 15:24:21] [32minfo[39m: {"method":"PUT","url":"/api/users/update","status":"400","responseTime":"1.067"}
[2025-01-28 15:24:21] [32minfo[39m: {"method":"PUT","url":"/api/users/update","status":"400","responseTime":"1.259"}
[2025-01-28 15:24:21] [32minfo[39m: {"method":"PUT","url":"/api/users/update","status":"400","responseTime":"0.565"}
[2025-01-28 15:24:21] [32minfo[39m: {"method":"PUT","url":"/api/users/update","status":"400","responseTime":"0.631"}
[2025-01-28 15:24:21] [32minfo[39m: {"method":"PUT","url":"/api/users/update","status":"400","responseTime":"1.010"}
[2025-01-28 15:47:31] [32minfo[39m: {"method":"POST","url":"/api/users/login","status":"200","responseTime":"96.681"}
[2025-01-28 15:47:31] [32minfo[39m: {"method":"POST","url":"/api/users/login","status":"401","responseTime":"62.371"}
[2025-01-28 15:47:31] [32minfo[39m: {"method":"PUT","url":"/api/users/update","status":"200","responseTime":"6.799"}
[2025-01-28 15:47:31] [32minfo[39m: {"method":"PUT","url":"/api/users/update","status":"400","responseTime":"2.587"}
[2025-01-28 15:49:01] [32minfo[39m: {"method":"POST","url":"/api/users/login","status":"200","responseTime":"86.090"}
[2025-01-28 15:49:01] [32minfo[39m: {"method":"POST","url":"/api/users/login","status":"401","responseTime":"64.826"}
[2025-01-28 15:49:01] [32minfo[39m: {"method":"PUT","url":"/api/users/update","status":"200","responseTime":"6.477"}
[2025-01-28 15:49:01] [32minfo[39m: {"method":"PUT","url":"/api/users/update","status":"400","responseTime":"2.060"}
[2025-01-28 15:49:01] [32minfo[39m: {"method":"PUT","url":"/api/users/update","status":"400","responseTime":"1.090"}
[2025-01-28 15:50:36] [32minfo[39m: {"method":"POST","url":"/api/users/login","status":"200","responseTime":"86.803"}
[2025-01-28 15:50:36] [32minfo[39m: {"method":"POST","url":"/api/users/login","status":"401","responseTime":"61.589"}
[2025-01-28 15:50:36] [32minfo[39m: {"method":"PUT","url":"/api/users/update","status":"200","responseTime":"6.270"}
[2025-01-28 15:50:36] [32minfo[39m: {"method":"PUT","url":"/api/users/update","status":"400","responseTime":"1.435"}
[2025-01-28 15:50:36] [32minfo[39m: {"method":"PUT","url":"/api/users/update","status":"400","responseTime":"1.197"}
[2025-01-28 15:50:36] [32minfo[39m: {"method":"PUT","url":"/api/users/update","status":"400","responseTime":"0.890"}
[2025-01-28 15:50:36] [32minfo[39m: {"method":"PUT","url":"/api/users/update","status":"400","responseTime":"1.051"}
[2025-01-28 15:50:36] [32minfo[39m: {"method":"PUT","url":"/api/users/update","status":"400","responseTime":"0.487"}
[2025-01-28 15:50:36] [32minfo[39m: {"method":"PUT","url":"/api/users/update","status":"400","responseTime":"0.840"}
[2025-01-28 15:52:30] [32minfo[39m: {"method":"POST","url":"/api/users/login","status":"200","responseTime":"88.988"}
[2025-01-28 15:52:30] [32minfo[39m: {"method":"POST","url":"/api/users/login","status":"401","responseTime":"61.451"}
[2025-01-28 15:52:30] [32minfo[39m: {"method":"PUT","url":"/api/users/update","status":"200","responseTime":"7.192"}
[2025-01-28 15:52:30] [32minfo[39m: {"method":"PUT","url":"/api/users/update","status":"400","responseTime":"1.813"}
[2025-01-28 15:52:30] [32minfo[39m: {"method":"PUT","url":"/api/users/update","status":"400","responseTime":"0.995"}
[2025-01-28 15:52:30] [32minfo[39m: {"method":"PUT","url":"/api/users/update","status":"400","responseTime":"1.003"}
[2025-01-28 15:52:30] [32minfo[39m: {"method":"PUT","url":"/api/users/update","status":"400","responseTime":"1.445"}
[2025-01-28 15:52:30] [32minfo[39m: {"method":"PUT","url":"/api/users/update","status":"400","responseTime":"0.730"}
[2025-01-28 15:52:30] [32minfo[39m: {"method":"PUT","url":"/api/users/update","status":"400","responseTime":"0.860"}
[2025-01-28 15:53:52] [32minfo[39m: {"method":"POST","url":"/api/users/login","status":"200","responseTime":"92.383"}
[2025-01-28 15:53:52] [32minfo[39m: {"method":"POST","url":"/api/users/login","status":"401","responseTime":"62.273"}
[2025-01-28 15:53:52] [32minfo[39m: {"method":"PUT","url":"/api/users/update","status":"200","responseTime":"6.599"}
[2025-01-28 15:53:52] [32minfo[39m: {"method":"PUT","url":"/api/users/update","status":"400","responseTime":"1.532"}
[2025-01-28 15:53:52] [32minfo[39m: {"method":"PUT","url":"/api/users/update","status":"400","responseTime":"0.953"}
[2025-01-28 15:53:52] [32minfo[39m: {"method":"PUT","url":"/api/users/update","status":"400","responseTime":"0.919"}
[2025-01-28 15:53:52] [32minfo[39m: {"method":"PUT","url":"/api/users/update","status":"400","responseTime":"1.113"}
[2025-01-28 15:53:52] [32minfo[39m: {"method":"PUT","url":"/api/users/update","status":"400","responseTime":"0.607"}
[2025-01-28 15:53:52] [32minfo[39m: {"method":"PUT","url":"/api/users/update","status":"400","responseTime":"0.709"}
[2025-01-28 16:37:00] [32minfo[39m: {"method":"POST","url":"/api/users/login","status":"200","responseTime":"86.988"}
[2025-01-28 16:37:00] [32minfo[39m: {"method":"POST","url":"/api/users/login","status":"401","responseTime":"60.502"}
[2025-01-28 16:37:00] [32minfo[39m: {"method":"PUT","url":"/api/users/update","status":"200","responseTime":"6.626"}
[2025-01-28 16:37:00] [32minfo[39m: {"method":"PUT","url":"/api/users/update","status":"400","responseTime":"1.535"}
[2025-01-28 16:37:00] [32minfo[39m: {"method":"PUT","url":"/api/users/update","status":"400","responseTime":"0.971"}
[2025-01-28 16:37:00] [32minfo[39m: {"method":"PUT","url":"/api/users/update","status":"400","responseTime":"0.883"}
[2025-01-28 16:37:00] [32minfo[39m: {"method":"PUT","url":"/api/users/update","status":"400","responseTime":"1.321"}
[2025-01-28 16:37:00] [32minfo[39m: {"method":"PUT","url":"/api/users/update","status":"400","responseTime":"0.671"}
[2025-01-28 16:37:00] [32minfo[39m: {"method":"PUT","url":"/api/users/update","status":"400","responseTime":"0.712"}
[2025-01-28 16:38:32] [32minfo[39m: {"method":"POST","url":"/api/users/login","status":"200","responseTime":"86.556"}
[2025-01-28 16:38:32] [32minfo[39m: {"method":"POST","url":"/api/users/login","status":"401","responseTime":"60.905"}
[2025-01-28 16:38:32] [32minfo[39m: {"method":"PUT","url":"/api/users/update","status":"200","responseTime":"6.732"}
[2025-01-28 16:38:32] [32minfo[39m: {"method":"PUT","url":"/api/users/update","status":"400","responseTime":"1.452"}
[2025-01-28 16:38:32] [32minfo[39m: {"method":"PUT","url":"/api/users/update","status":"400","responseTime":"0.963"}
[2025-01-28 16:38:32] [32minfo[39m: {"method":"PUT","url":"/api/users/update","status":"400","responseTime":"0.821"}
[2025-01-28 16:38:32] [32minfo[39m: {"method":"PUT","url":"/api/users/update","status":"400","responseTime":"1.314"}
[2025-01-28 16:38:32] [32minfo[39m: {"method":"PUT","url":"/api/users/update","status":"400","responseTime":"0.607"}
[2025-01-28 16:38:32] [32minfo[39m: {"method":"PUT","url":"/api/users/update","status":"400","responseTime":"0.775"}
[2025-01-28 16:38:47] [32minfo[39m: {"method":"POST","url":"/api/users/login","status":"200","responseTime":"97.498"}
[2025-01-28 16:38:47] [32minfo[39m: {"method":"POST","url":"/api/users/login","status":"401","responseTime":"62.003"}
[2025-01-28 16:38:47] [32minfo[39m: {"method":"PUT","url":"/api/users/update","status":"200","responseTime":"7.985"}
[2025-01-28 16:38:47] [32minfo[39m: {"method":"PUT","url":"/api/users/update","status":"400","responseTime":"1.692"}
[2025-01-28 16:38:47] [32minfo[39m: {"method":"PUT","url":"/api/users/update","status":"400","responseTime":"1.045"}
[2025-01-28 16:38:47] [32minfo[39m: {"method":"PUT","url":"/api/users/update","status":"400","responseTime":"1.226"}
[2025-01-28 16:38:47] [32minfo[39m: {"method":"PUT","url":"/api/users/update","status":"400","responseTime":"1.649"}
[2025-01-28 16:38:47] [32minfo[39m: {"method":"PUT","url":"/api/users/update","status":"400","responseTime":"0.761"}
[2025-01-28 16:38:47] [32minfo[39m: {"method":"PUT","url":"/api/users/update","status":"400","responseTime":"1.672"}
[2025-01-28 16:38:56] [32minfo[39m: {"method":"POST","url":"/api/users/login","status":"200","responseTime":"85.531"}
[2025-01-28 16:38:56] [32minfo[39m: {"method":"POST","url":"/api/users/login","status":"401","responseTime":"61.225"}
[2025-01-28 16:38:56] [32minfo[39m: {"method":"PUT","url":"/api/users/update","status":"200","responseTime":"6.662"}
[2025-01-28 16:38:56] [32minfo[39m: {"method":"PUT","url":"/api/users/update","status":"400","responseTime":"1.862"}
[2025-01-28 16:38:56] [32minfo[39m: {"method":"PUT","url":"/api/users/update","status":"400","responseTime":"1.054"}
[2025-01-28 16:38:56] [32minfo[39m: {"method":"PUT","url":"/api/users/update","status":"400","responseTime":"1.058"}
[2025-01-28 16:38:56] [32minfo[39m: {"method":"PUT","url":"/api/users/update","status":"400","responseTime":"1.273"}
[2025-01-28 16:38:56] [32minfo[39m: {"method":"PUT","url":"/api/users/update","status":"400","responseTime":"0.798"}
[2025-01-28 16:38:56] [32minfo[39m: {"method":"PUT","url":"/api/users/update","status":"400","responseTime":"0.877"}
[2025-01-28 16:39:07] [32minfo[39m: {"method":"POST","url":"/api/users/login","status":"200","responseTime":"87.357"}
[2025-01-28 16:39:07] [32minfo[39m: {"method":"POST","url":"/api/users/login","status":"401","responseTime":"64.618"}
[2025-01-28 16:39:07] [32minfo[39m: {"method":"PUT","url":"/api/users/update","status":"200","responseTime":"6.906"}
[2025-01-28 16:39:07] [32minfo[39m: {"method":"PUT","url":"/api/users/update","status":"400","responseTime":"1.451"}
[2025-01-28 16:39:07] [32minfo[39m: {"method":"PUT","url":"/api/users/update","status":"400","responseTime":"0.980"}
[2025-01-28 16:39:08] [32minfo[39m: {"method":"PUT","url":"/api/users/update","status":"400","responseTime":"0.943"}
[2025-01-28 16:39:08] [32minfo[39m: {"method":"PUT","url":"/api/users/update","status":"400","responseTime":"1.367"}
[2025-01-28 16:39:08] [32minfo[39m: {"method":"PUT","url":"/api/users/update","status":"400","responseTime":"0.716"}
[2025-01-28 16:39:08] [32minfo[39m: {"method":"PUT","url":"/api/users/update","status":"400","responseTime":"0.770"}
[2025-01-28 16:39:21] [32minfo[39m: {"method":"POST","url":"/api/users/login","status":"200","responseTime":"100.440"}
[2025-01-28 16:39:21] [32minfo[39m: {"method":"POST","url":"/api/users/login","status":"401","responseTime":"69.530"}
[2025-01-28 16:39:21] [32minfo[39m: {"method":"PUT","url":"/api/users/update","status":"200","responseTime":"8.680"}
[2025-01-28 16:39:21] [32minfo[39m: {"method":"PUT","url":"/api/users/update","status":"400","responseTime":"1.750"}
[2025-01-28 16:39:21] [32minfo[39m: {"method":"PUT","url":"/api/users/update","status":"400","responseTime":"1.624"}
[2025-01-28 16:39:21] [32minfo[39m: {"method":"PUT","url":"/api/users/update","status":"400","responseTime":"1.127"}
[2025-01-28 16:39:21] [32minfo[39m: {"method":"PUT","url":"/api/users/update","status":"400","responseTime":"1.823"}
[2025-01-28 16:39:21] [32minfo[39m: {"method":"PUT","url":"/api/users/update","status":"400","responseTime":"0.823"}
[2025-01-28 16:39:22] [32minfo[39m: {"method":"PUT","url":"/api/users/update","status":"400","responseTime":"0.819"}
[2025-01-28 16:39:46] [32minfo[39m: {"method":"POST","url":"/api/users/login","status":"200","responseTime":"89.920"}
[2025-01-28 16:39:46] [32minfo[39m: {"method":"POST","url":"/api/users/login","status":"401","responseTime":"60.361"}
[2025-01-28 16:39:46] [32minfo[39m: {"method":"PUT","url":"/api/users/update","status":"200","responseTime":"6.825"}
[2025-01-28 16:39:46] [32minfo[39m: {"method":"PUT","url":"/api/users/update","status":"400","responseTime":"1.497"}
[2025-01-28 16:39:46] [32minfo[39m: {"method":"PUT","url":"/api/users/update","status":"400","responseTime":"0.931"}
[2025-01-28 16:39:46] [32minfo[39m: {"method":"PUT","url":"/api/users/update","status":"400","responseTime":"0.818"}
[2025-01-28 16:39:46] [32minfo[39m: {"method":"PUT","url":"/api/users/update","status":"400","responseTime":"1.210"}
[2025-01-28 16:39:46] [32minfo[39m: {"method":"PUT","url":"/api/users/update","status":"400","responseTime":"0.600"}
[2025-01-28 16:39:46] [32minfo[39m: {"method":"PUT","url":"/api/users/update","status":"400","responseTime":"0.867"}
[2025-01-28 16:45:16] [32minfo[39m: {"method":"POST","url":"/api/users/login","status":"200","responseTime":"95.016"}
[2025-01-28 16:45:16] [32minfo[39m: {"method":"POST","url":"/api/users/login","status":"401","responseTime":"61.137"}
[2025-01-28 16:45:16] [32minfo[39m: {"method":"PUT","url":"/api/users/update","status":"200","responseTime":"7.636"}
[2025-01-28 16:45:16] [32minfo[39m: {"method":"PUT","url":"/api/users/update","status":"400","responseTime":"1.907"}
[2025-01-28 16:45:16] [32minfo[39m: {"method":"PUT","url":"/api/users/update","status":"400","responseTime":"1.566"}
[2025-01-28 16:45:16] [32minfo[39m: {"method":"PUT","url":"/api/users/update","status":"400","responseTime":"1.623"}
[2025-01-28 16:45:16] [32minfo[39m: {"method":"PUT","url":"/api/users/update","status":"400","responseTime":"1.602"}
[2025-01-28 16:45:16] [32minfo[39m: {"method":"PUT","url":"/api/users/update","status":"400","responseTime":"1.020"}
[2025-01-28 16:45:16] [32minfo[39m: {"method":"PUT","url":"/api/users/update","status":"400","responseTime":"1.295"}
[2025-01-28 16:45:53] [32minfo[39m: {"method":"POST","url":"/api/users/login","status":"200","responseTime":"103.485"}
[2025-01-28 16:45:53] [32minfo[39m: {"method":"POST","url":"/api/users/login","status":"401","responseTime":"71.006"}
[2025-01-28 16:45:53] [32minfo[39m: {"method":"PUT","url":"/api/users/update","status":"200","responseTime":"4.611"}
[2025-01-28 16:45:53] [32minfo[39m: {"method":"PUT","url":"/api/users/update","status":"400","responseTime":"2.505"}
[2025-01-28 16:45:53] [32minfo[39m: {"method":"PUT","url":"/api/users/update","status":"400","responseTime":"1.088"}
[2025-01-28 16:45:53] [32minfo[39m: {"method":"PUT","url":"/api/users/update","status":"400","responseTime":"1.075"}
[2025-01-28 16:45:53] [32minfo[39m: {"method":"PUT","url":"/api/users/update","status":"400","responseTime":"1.509"}
[2025-01-28 16:45:53] [32minfo[39m: {"method":"PUT","url":"/api/users/update","status":"400","responseTime":"1.172"}
[2025-01-28 16:45:53] [32minfo[39m: {"method":"PUT","url":"/api/users/update","status":"400","responseTime":"0.867"}
[2025-01-30 09:52:58] [32minfo[39m: {"method":"PUT","url":"/api/users/update","status":"400","responseTime":"12.333"}
[2025-01-30 09:53:08] [32minfo[39m: {"method":"PUT","url":"/api/users/update","status":"400","responseTime":"10.384"}
[2025-01-30 09:54:55] [32minfo[39m: {"method":"PUT","url":"/api/users/update","status":"200","responseTime":"19.622"}
[2025-01-30 09:57:01] [32minfo[39m: {"method":"PUT","url":"/api/users/update","status":"200","responseTime":"34.257"}
[2025-01-30 09:57:02] [32minfo[39m: {"method":"PUT","url":"/api/users/update","status":"200","responseTime":"3.267"}
[2025-01-30 09:57:03] [32minfo[39m: {"method":"PUT","url":"/api/users/update","status":"200","responseTime":"2.281"}
[2025-01-30 09:57:08] [32minfo[39m: {"method":"PUT","url":"/api/users/update","status":"200","responseTime":"1.613"}
[2025-01-30 09:57:09] [32minfo[39m: {"method":"PUT","url":"/api/users/update","status":"200","responseTime":"1.612"}
[2025-01-30 09:57:10] [32minfo[39m: {"method":"PUT","url":"/api/users/update","status":"200","responseTime":"1.833"}
[2025-01-30 09:57:11] [32minfo[39m: {"method":"PUT","url":"/api/users/update","status":"200","responseTime":"1.295"}
[2025-01-30 09:57:11] [32minfo[39m: {"method":"PUT","url":"/api/users/update","status":"200","responseTime":"1.453"}
[2025-01-30 09:57:33] [32minfo[39m: {"method":"PUT","url":"/api/users/update","status":"200","responseTime":"2.603"}
